<?xml version="1.0" encoding="UTF-8"?>
<!-- Generated by org.testng.reporters.JUnitXMLReporter -->
<testsuite ignored="24" hostname="DESKTOP-VNBRP91" failures="1" tests="9" name="FireFoxTest" time="0.457" errors="0" timestamp="2024-07-04T16:59:21 IST">
  <testcase classname="testcomponents.ValidateURLTest" name="testValidateURL" time="0.001">
    <skipped/>
  </testcase> <!-- testValidateURL -->
  <testcase classname="testcomponents.SignupTest" name="testSignup" time="0.001">
    <skipped/>
  </testcase> <!-- testSignup -->
  <testcase classname="testcomponents.LoginTest" name="testLogin" time="0.0">
    <failure type="java.lang.RuntimeException" message="java.lang.NullPointerException: Cannot invoke &amp;quot;String.equalsIgnoreCase(String)&amp;quot; because &amp;quot;name&amp;quot; is null">
      <![CDATA[java.lang.RuntimeException: java.lang.NullPointerException: Cannot invoke "String.equalsIgnoreCase(String)" because "name" is null
at java.base/java.util.ArrayList.forEach(ArrayList.java:1511)
Caused by: java.lang.NullPointerException: Cannot invoke "String.equalsIgnoreCase(String)" because "name" is null
at org.apache.poi.xssf.usermodel.XSSFWorkbook.getSheet(XSSFWorkbook.java:1169)
at utils.GeneralUtility.readExcel(GeneralUtility.java:46)
at enginecomponents.BaseClass.readDataLogic(BaseClass.java:76)
... 25 more
... Removed 32 stack frames]]>
    </failure>
  </testcase> <!-- testLogin -->
  <testcase classname="testcomponents.MenuValidationTest" name="testMenuValidation" time="0.0">
    <skipped/>
  </testcase> <!-- testMenuValidation -->
  <testcase classname="testcomponents.ValidateBottomLinkTest" name="testBottomVerifyLink" time="0.001">
    <skipped/>
  </testcase> <!-- testBottomVerifyLink -->
  <testcase classname="testcomponents.SearchByIteamTest" name="testSearchByItem" time="0.0">
    <skipped/>
  </testcase> <!-- testSearchByItem -->
  <testcase classname="testcomponents.ShopByDeptTest" name="testShopByDept" time="0.0">
    <skipped/>
  </testcase> <!-- testShopByDept -->
  <testcase classname="testcomponents.BrandShopTest" name="testShopByBrand" time="0.0">
    <skipped/>
  </testcase> <!-- testShopByBrand -->
  <testcase classname="testcomponents.CheckOutTest" name="testCheckOut" time="0.002">
    <skipped/>
  </testcase> <!-- testCheckOut -->
  <testcase classname="enginecomponents.BaseClass" name="@AfterSuite afterSuite" time="0.0">
    <ignored/>
  </testcase> <!-- @AfterSuite afterSuite -->
  <testcase classname="enginecomponents.BaseClass" name="@AfterTest afterTest" time="0.0">
    <ignored/>
  </testcase> <!-- @AfterTest afterTest -->
  <testcase classname="enginecomponents.BaseClass" name="@AfterSuite afterSuite" time="0.0">
    <ignored/>
  </testcase> <!-- @AfterSuite afterSuite -->
  <testcase classname="enginecomponents.BaseClass" name="@AfterTest afterTest" time="0.0">
    <ignored/>
  </testcase> <!-- @AfterTest afterTest -->
  <testcase classname="enginecomponents.BaseClass" name="@BeforeSuite beforeSuite" time="0.0">
    <ignored/>
  </testcase> <!-- @BeforeSuite beforeSuite -->
  <testcase classname="enginecomponents.BaseClass" name="@AfterSuite afterSuite" time="0.0">
    <ignored/>
  </testcase> <!-- @AfterSuite afterSuite -->
  <testcase classname="enginecomponents.BaseClass" name="@BeforeSuite beforeSuite" time="0.0">
    <ignored/>
  </testcase> <!-- @BeforeSuite beforeSuite -->
  <testcase classname="enginecomponents.BaseClass" name="@BeforeSuite beforeSuite" time="0.0">
    <ignored/>
  </testcase> <!-- @BeforeSuite beforeSuite -->
  <testcase classname="enginecomponents.BaseClass" name="@AfterSuite afterSuite" time="0.0">
    <ignored/>
  </testcase> <!-- @AfterSuite afterSuite -->
  <testcase classname="enginecomponents.BaseClass" name="@AfterSuite afterSuite" time="0.0">
    <ignored/>
  </testcase> <!-- @AfterSuite afterSuite -->
  <testcase classname="enginecomponents.BaseClass" name="@AfterTest afterTest" time="0.0">
    <ignored/>
  </testcase> <!-- @AfterTest afterTest -->
  <testcase classname="enginecomponents.BaseClass" name="@BeforeSuite beforeSuite" time="0.0">
    <ignored/>
  </testcase> <!-- @BeforeSuite beforeSuite -->
  <testcase classname="enginecomponents.BaseClass" name="@AfterSuite afterSuite" time="0.0">
    <ignored/>
  </testcase> <!-- @AfterSuite afterSuite -->
  <testcase classname="enginecomponents.BaseClass" name="@BeforeSuite beforeSuite" time="0.0">
    <ignored/>
  </testcase> <!-- @BeforeSuite beforeSuite -->
  <testcase classname="enginecomponents.BaseClass" name="@AfterTest afterTest" time="0.0">
    <ignored/>
  </testcase> <!-- @AfterTest afterTest -->
  <testcase classname="enginecomponents.BaseClass" name="@AfterTest afterTest" time="0.0">
    <ignored/>
  </testcase> <!-- @AfterTest afterTest -->
  <testcase classname="enginecomponents.BaseClass" name="@BeforeSuite beforeSuite" time="0.0">
    <ignored/>
  </testcase> <!-- @BeforeSuite beforeSuite -->
  <testcase classname="enginecomponents.BaseClass" name="@BeforeSuite beforeSuite" time="0.0">
    <ignored/>
  </testcase> <!-- @BeforeSuite beforeSuite -->
  <testcase classname="enginecomponents.BaseClass" name="@AfterSuite afterSuite" time="0.0">
    <ignored/>
  </testcase> <!-- @AfterSuite afterSuite -->
  <testcase classname="enginecomponents.BaseClass" name="@BeforeSuite beforeSuite" time="0.0">
    <ignored/>
  </testcase> <!-- @BeforeSuite beforeSuite -->
  <testcase classname="enginecomponents.BaseClass" name="@AfterTest afterTest" time="0.0">
    <ignored/>
  </testcase> <!-- @AfterTest afterTest -->
  <testcase classname="enginecomponents.BaseClass" name="@AfterTest afterTest" time="0.0">
    <ignored/>
  </testcase> <!-- @AfterTest afterTest -->
  <testcase classname="enginecomponents.BaseClass" name="@AfterTest afterTest" time="0.0">
    <ignored/>
  </testcase> <!-- @AfterTest afterTest -->
  <testcase classname="enginecomponents.BaseClass" name="@AfterSuite afterSuite" time="0.0">
    <ignored/>
  </testcase> <!-- @AfterSuite afterSuite -->
</testsuite> <!-- FireFoxTest -->
