<?xml version="1.0" encoding="UTF-8"?>
<!-- Generated by org.testng.reporters.JUnitXMLReporter -->
<testsuite ignored="0" hostname="DESKTOP-VNBRP91" failures="1" tests="1" name="LoginTest" time="0.224" errors="0" timestamp="2024-06-16T21:08:53 IST">
  <testcase classname="testcomponents.LoginTest" name="testLogin" time="0.0">
    <failure type="java.lang.RuntimeException" message="java.lang.NullPointerException: Cannot invoke &amp;quot;org.apache.poi.xssf.usermodel.XSSFSheet.getRow(int)&amp;quot; because &amp;quot;utils.GeneralUtility.sheet&amp;quot; is null">
      <![CDATA[java.lang.RuntimeException: java.lang.NullPointerException: Cannot invoke "org.apache.poi.xssf.usermodel.XSSFSheet.getRow(int)" because "utils.GeneralUtility.sheet" is null
at java.base/java.util.ArrayList.forEach(ArrayList.java:1511)
Caused by: java.lang.NullPointerException: Cannot invoke "org.apache.poi.xssf.usermodel.XSSFSheet.getRow(int)" because "utils.GeneralUtility.sheet" is null
at utils.GeneralUtility.readExcel(GeneralUtility.java:57)
at testcomponents.LoginTest.readDataLogic(LoginTest.java:37)
... 25 more
... Removed 32 stack frames]]>
    </failure>
  </testcase> <!-- testLogin -->
</testsuite> <!-- LoginTest -->
